<?xml version="1.0" encoding="UTF-8"?>
<testng-results ignored="0" total="1" passed="1" failed="0" skipped="0">
  <reporter-output>
  </reporter-output>
  <suite started-at="2023-05-07T14:34:31Z" name="Default suite" finished-at="2023-05-07T14:34:38Z" duration-ms="7055">
    <groups>
    </groups>
    <test started-at="2023-05-07T14:34:31Z" name="Default test" finished-at="2023-05-07T14:34:38Z" duration-ms="7055">
      <class name="com.OrangeHRM.TestCases.OrgangeHRM">
        <test-method is-config="true" signature="startReport()[pri:0, instance:com.OrangeHRM.TestCases.OrgangeHRM@2f465398]" started-at="2023-05-07T14:34:30Z" name="startReport" finished-at="2023-05-07T14:34:31Z" duration-ms="199" status="PASS">
          <reporter-output>
          </reporter-output>
        </test-method> <!-- startReport -->
        <test-method is-config="true" signature="testinputs()[pri:0, instance:com.OrangeHRM.TestCases.OrgangeHRM@2f465398]" started-at="2023-05-07T14:34:31Z" name="testinputs" finished-at="2023-05-07T14:34:31Z" duration-ms="0" status="PASS">
          <reporter-output>
          </reporter-output>
        </test-method> <!-- testinputs -->
        <test-method is-config="true" signature="report()[pri:0, instance:com.OrangeHRM.TestCases.OrgangeHRM@2f465398]" started-at="2023-05-07T14:34:31Z" name="report" finished-at="2023-05-07T14:34:31Z" duration-ms="10" status="PASS">
          <reporter-output>
          </reporter-output>
        </test-method> <!-- report -->
        <test-method is-config="true" signature="LaunchApp()[pri:0, instance:com.OrangeHRM.TestCases.OrgangeHRM@2f465398]" started-at="2023-05-07T14:34:31Z" name="LaunchApp" finished-at="2023-05-07T14:34:36Z" duration-ms="4645" status="PASS">
          <reporter-output>
          </reporter-output>
        </test-method> <!-- LaunchApp -->
        <test-method signature="loginHRM(java.lang.String, java.lang.String)[pri:0, instance:com.OrangeHRM.TestCases.OrgangeHRM@2f465398]" started-at="2023-05-07T14:34:36Z" name="loginHRM" data-provider="getdata" finished-at="2023-05-07T14:34:38Z" duration-ms="1608" status="PASS">
          <params>
            <param index="0">
              <value>
                <![CDATA[Admin]]>
              </value>
            </param>
            <param index="1">
              <value>
                <![CDATA[admin123]]>
              </value>
            </param>
          </params>
          <reporter-output>
          </reporter-output>
        </test-method> <!-- loginHRM -->
        <test-method is-config="true" signature="teardown()[pri:0, instance:com.OrangeHRM.TestCases.OrgangeHRM@2f465398]" started-at="2023-05-07T14:34:38Z" name="teardown" finished-at="2023-05-07T14:34:38Z" duration-ms="0" status="PASS">
          <reporter-output>
          </reporter-output>
        </test-method> <!-- teardown -->
        <test-method is-config="true" signature="stopReport()[pri:0, instance:com.OrangeHRM.TestCases.OrgangeHRM@2f465398]" started-at="2023-05-07T14:34:38Z" name="stopReport" finished-at="2023-05-07T14:34:38Z" duration-ms="258" status="PASS">
          <reporter-output>
          </reporter-output>
        </test-method> <!-- stopReport -->
      </class> <!-- com.OrangeHRM.TestCases.OrgangeHRM -->
    </test> <!-- Default test -->
  </suite> <!-- Default suite -->
</testng-results>
